[DEBUG][21-09-22][org.apache.ibatis.logging.LogFactory]Logging initialized using 'class org.apache.ibatis.logging.log4j.Log4jImpl' adapter.
[DEBUG][21-09-22][org.apache.ibatis.logging.LogFactory]Logging initialized using 'class org.apache.ibatis.logging.log4j.Log4jImpl' adapter.
[DEBUG][21-09-22][org.apache.ibatis.datasource.pooled.PooledDataSource]PooledDataSource forcefully closed/removed all connections.
[DEBUG][21-09-22][org.apache.ibatis.datasource.pooled.PooledDataSource]PooledDataSource forcefully closed/removed all connections.
[DEBUG][21-09-22][org.apache.ibatis.datasource.pooled.PooledDataSource]PooledDataSource forcefully closed/removed all connections.
[DEBUG][21-09-22][org.apache.ibatis.datasource.pooled.PooledDataSource]PooledDataSource forcefully closed/removed all connections.
[DEBUG][21-09-22][org.apache.ibatis.transaction.jdbc.JdbcTransaction]Opening JDBC Connection
[DEBUG][21-09-22][org.apache.ibatis.datasource.pooled.PooledDataSource]Created connection 915349526.
[DEBUG][21-09-22][org.apache.ibatis.transaction.jdbc.JdbcTransaction]Setting autocommit to false on JDBC Connection [com.mysql.jdbc.JDBC4Connection@368f2016]
[DEBUG][21-09-22][com.zeng.dao.UserMapper.getUserByRowBounds]==>  Preparing: select * from user 
[DEBUG][21-09-22][com.zeng.dao.UserMapper.getUserByRowBounds]==> Parameters: 
[DEBUG][21-09-22][org.apache.ibatis.transaction.jdbc.JdbcTransaction]Resetting autocommit to true on JDBC Connection [com.mysql.jdbc.JDBC4Connection@368f2016]
[DEBUG][21-09-22][org.apache.ibatis.transaction.jdbc.JdbcTransaction]Closing JDBC Connection [com.mysql.jdbc.JDBC4Connection@368f2016]
[DEBUG][21-09-22][org.apache.ibatis.datasource.pooled.PooledDataSource]Returned connection 915349526 to pool.
[INFO][21-11-15][com.zeng.dao.UserMapperTest]info:进入了testlog4j
[DEBUG][21-11-15][com.zeng.dao.UserMapperTest]debug:进入了testlog4j
[ERROR][21-11-15][com.zeng.dao.UserMapperTest]error:进入了testlog4j
[DEBUG][21-11-15][org.apache.ibatis.logging.LogFactory]Logging initialized using 'class org.apache.ibatis.logging.log4j.Log4jImpl' adapter.
[DEBUG][21-11-15][org.apache.ibatis.logging.LogFactory]Logging initialized using 'class org.apache.ibatis.logging.log4j.Log4jImpl' adapter.
[DEBUG][21-11-15][org.apache.ibatis.datasource.pooled.PooledDataSource]PooledDataSource forcefully closed/removed all connections.
[DEBUG][21-11-15][org.apache.ibatis.datasource.pooled.PooledDataSource]PooledDataSource forcefully closed/removed all connections.
[DEBUG][21-11-15][org.apache.ibatis.datasource.pooled.PooledDataSource]PooledDataSource forcefully closed/removed all connections.
[DEBUG][21-11-15][org.apache.ibatis.datasource.pooled.PooledDataSource]PooledDataSource forcefully closed/removed all connections.
[DEBUG][21-11-15][org.apache.ibatis.transaction.jdbc.JdbcTransaction]Opening JDBC Connection
[DEBUG][21-11-15][org.apache.ibatis.datasource.pooled.PooledDataSource]Created connection 1297978429.
[DEBUG][21-11-15][org.apache.ibatis.transaction.jdbc.JdbcTransaction]Setting autocommit to false on JDBC Connection [com.mysql.jdbc.JDBC4Connection@4d5d943d]
[DEBUG][21-11-15][com.zeng.dao.UserMapper.getUserByRowBounds]==>  Preparing: select * from user 
[DEBUG][21-11-15][com.zeng.dao.UserMapper.getUserByRowBounds]==> Parameters: 
[DEBUG][21-11-15][org.apache.ibatis.transaction.jdbc.JdbcTransaction]Resetting autocommit to true on JDBC Connection [com.mysql.jdbc.JDBC4Connection@4d5d943d]
[DEBUG][21-11-15][org.apache.ibatis.transaction.jdbc.JdbcTransaction]Closing JDBC Connection [com.mysql.jdbc.JDBC4Connection@4d5d943d]
[DEBUG][21-11-15][org.apache.ibatis.datasource.pooled.PooledDataSource]Returned connection 1297978429 to pool.
